
12월 27, 2022 19:00:48.881 NEW SESSION
12월 27, 2022 19:00:48.881 [2012:9748:1227/190048.879:ERROR:device_event_log_impl.cc(215)] [19:00:48.879] Bluetooth: bluetooth_adapter_winrt.cc:1074 Getting Default Adapter failed.
12월 27, 2022 19:21:15.150 [5700:9904:1227/192115.150:ERROR:device_event_log_impl.cc(215)] [19:21:15.150] Bluetooth: bluetooth_adapter_winrt.cc:1074 Getting Default Adapter failed.
12월 27, 2022 19:21:45.43 [6068:4696:1227/192145.043:ERROR:device_event_log_impl.cc(215)] [19:21:45.043] Bluetooth: bluetooth_adapter_winrt.cc:1074 Getting Default Adapter failed.
12월 27, 2022 19:22:58.734 [4596:4240:1227/192258.734:ERROR:device_event_log_impl.cc(215)] [19:22:58.734] Bluetooth: bluetooth_adapter_winrt.cc:1074 Getting Default Adapter failed.
12월 27, 2022 19:23:16.256 [8728:11412:1227/192316.256:ERROR:device_event_log_impl.cc(215)] [19:23:16.256] Bluetooth: bluetooth_adapter_winrt.cc:1074 Getting Default Adapter failed.
12월 27, 2022 19:24:13.59 [3008:8120:1227/192413.059:ERROR:device_event_log_impl.cc(215)] [19:24:13.058] Bluetooth: bluetooth_adapter_winrt.cc:1074 Getting Default Adapter failed.
12월 27, 2022 19:25:15.692 [6476:1872:1227/192515.692:ERROR:device_event_log_impl.cc(215)] [19:25:15.692] Bluetooth: bluetooth_adapter_winrt.cc:1074 Getting Default Adapter failed.
12월 27, 2022 19:26:30.651 [5200:10216:1227/192630.650:ERROR:device_event_log_impl.cc(215)] [19:26:30.650] Bluetooth: bluetooth_adapter_winrt.cc:1074 Getting Default Adapter failed.
12월 27, 2022 19:27:11.189 [4448:11596:1227/192711.189:ERROR:device_event_log_impl.cc(215)] [19:27:11.188] Bluetooth: bluetooth_adapter_winrt.cc:1074 Getting Default Adapter failed.
12월 27, 2022 19:27:47.941 [5944:8388:1227/192747.941:ERROR:device_event_log_impl.cc(215)] [19:27:47.940] Bluetooth: bluetooth_adapter_winrt.cc:1074 Getting Default Adapter failed.

12월 27, 2022 19:29:11.55 NEW SESSION
12월 27, 2022 19:29:11.55 [11852:8544:1227/192911.053:ERROR:device_event_log_impl.cc(215)] [19:29:11.053] Bluetooth: bluetooth_adapter_winrt.cc:1074 Getting Default Adapter failed.
12월 27, 2022 19:29:29.388 [10204:6108:1227/192929.388:ERROR:device_event_log_impl.cc(215)] [19:29:29.388] Bluetooth: bluetooth_adapter_winrt.cc:1074 Getting Default Adapter failed.
12월 27, 2022 19:32:40.972 [5260:2500:1227/193240.972:ERROR:device_event_log_impl.cc(215)] [19:32:40.971] Bluetooth: bluetooth_adapter_winrt.cc:1074 Getting Default Adapter failed.
12월 27, 2022 19:47:24.769 [6932:9392:1227/194724.768:ERROR:device_event_log_impl.cc(215)] [19:47:24.769] Bluetooth: bluetooth_adapter_winrt.cc:1074 Getting Default Adapter failed.
12월 27, 2022 19:48:38.75 [12584:11916:1227/194838.074:ERROR:device_event_log_impl.cc(215)] [19:48:38.074] Bluetooth: bluetooth_adapter_winrt.cc:1074 Getting Default Adapter failed.
12월 27, 2022 19:49:57.203 [5536:5324:1227/194957.202:ERROR:device_event_log_impl.cc(215)] [19:49:57.203] Bluetooth: bluetooth_adapter_winrt.cc:1074 Getting Default Adapter failed.
12월 27, 2022 19:51:52.146 [8532:10932:1227/195152.146:ERROR:device_event_log_impl.cc(215)] [19:51:52.146] Bluetooth: bluetooth_adapter_winrt.cc:1074 Getting Default Adapter failed.
12월 27, 2022 19:56:32.961 [2824:7108:1227/195632.961:ERROR:device_event_log_impl.cc(215)] [19:56:32.961] Bluetooth: bluetooth_adapter_winrt.cc:1074 Getting Default Adapter failed.
12월 27, 2022 19:57:32.275 [12452:10204:1227/195732.274:ERROR:device_event_log_impl.cc(215)] [19:57:32.275] Bluetooth: bluetooth_adapter_winrt.cc:1074 Getting Default Adapter failed.
12월 27, 2022 19:57:53.591 [3512:4012:1227/195753.591:ERROR:device_event_log_impl.cc(215)] [19:57:53.591] Bluetooth: bluetooth_adapter_winrt.cc:1074 Getting Default Adapter failed.
12월 27, 2022 19:58:34.283 [5448:9920:1227/195834.283:ERROR:device_event_log_impl.cc(215)] [19:58:34.284] Bluetooth: bluetooth_adapter_winrt.cc:1074 Getting Default Adapter failed.
12월 27, 2022 20:02:28.378 [6344:7988:1227/200228.378:ERROR:device_event_log_impl.cc(215)] [20:02:28.378] Bluetooth: bluetooth_adapter_winrt.cc:1074 Getting Default Adapter failed.
12월 27, 2022 20:04:21.299 [8728:2548:1227/200421.299:ERROR:device_event_log_impl.cc(215)] [20:04:21.299] Bluetooth: bluetooth_adapter_winrt.cc:1074 Getting Default Adapter failed.
12월 27, 2022 20:15:03.502 [9904:8116:1227/201503.502:ERROR:device_event_log_impl.cc(215)] [20:15:03.502] Bluetooth: bluetooth_adapter_winrt.cc:1074 Getting Default Adapter failed.
12월 27, 2022 20:16:58.633 [12040:9064:1227/201658.633:ERROR:device_event_log_impl.cc(215)] [20:16:58.632] Bluetooth: bluetooth_adapter_winrt.cc:1074 Getting Default Adapter failed.
12월 27, 2022 20:23:55.445 [4412:11392:1227/202355.444:ERROR:device_event_log_impl.cc(215)] [20:23:55.445] Bluetooth: bluetooth_adapter_winrt.cc:1074 Getting Default Adapter failed.
12월 27, 2022 20:24:32.705 [13016:7532:1227/202432.705:ERROR:device_event_log_impl.cc(215)] [20:24:32.706] Bluetooth: bluetooth_adapter_winrt.cc:1074 Getting Default Adapter failed.
12월 27, 2022 20:25:06.325 [11976:10964:1227/202506.324:ERROR:device_event_log_impl.cc(215)] [20:25:06.324] Bluetooth: bluetooth_adapter_winrt.cc:1074 Getting Default Adapter failed.
12월 27, 2022 20:51:47.153 [12192:8772:1227/205147.153:ERROR:device_event_log_impl.cc(215)] [20:51:47.153] Bluetooth: bluetooth_adapter_winrt.cc:1074 Getting Default Adapter failed.
12월 27, 2022 20:52:44.916 [12192:7412:1227/205244.916:ERROR:util.cc(133)] Can't create base directory: C:\Program Files\Google\GoogleUpdater
12월 27, 2022 20:53:20.419 [8480:8848:1227/205320.419:ERROR:device_event_log_impl.cc(215)] [20:53:20.419] Bluetooth: bluetooth_adapter_winrt.cc:1074 Getting Default Adapter failed.

12월 30, 2022 23:23:52.759 NEW SESSION
12월 30, 2022 23:23:52.759 [2824:12144:1230/232352.756:ERROR:device_event_log_impl.cc(215)] [23:23:52.756] Bluetooth: bluetooth_adapter_winrt.cc:1074 Getting Default Adapter failed.
12월 30, 2022 23:28:57.870 [11144:8740:1230/232857.870:ERROR:device_event_log_impl.cc(215)] [23:28:57.870] Bluetooth: bluetooth_adapter_winrt.cc:1074 Getting Default Adapter failed.
12월 30, 2022 23:33:02.02 [10760:6580:1230/233302.002:ERROR:device_event_log_impl.cc(215)] [23:33:02.001] Bluetooth: bluetooth_adapter_winrt.cc:1074 Getting Default Adapter failed.
12월 30, 2022 23:33:12.912 [9380:3200:1230/233312.912:ERROR:device_event_log_impl.cc(215)] [23:33:12.911] Bluetooth: bluetooth_adapter_winrt.cc:1074 Getting Default Adapter failed.
12월 30, 2022 23:33:39.604 [12276:972:1230/233339.604:ERROR:device_event_log_impl.cc(215)] [23:33:39.604] Bluetooth: bluetooth_adapter_winrt.cc:1074 Getting Default Adapter failed.

1월 04, 2023 20:16:29.238 NEW SESSION
1월 04, 2023 20:16:29.238 [10780:8852:0104/201629.236:ERROR:device_event_log_impl.cc(215)] [20:16:29.236] Bluetooth: bluetooth_adapter_winrt.cc:1074 Getting Default Adapter failed.
1월 04, 2023 20:17:27.22 [10780:12108:0104/201727.022:ERROR:util.cc(133)] Can't create base directory: C:\Program Files\Google\GoogleUpdater
1월 04, 2023 20:27:52.304 [10572:6596:0104/202752.303:ERROR:device_event_log_impl.cc(215)] [20:27:52.304] Bluetooth: bluetooth_adapter_winrt.cc:1074 Getting Default Adapter failed.
1월 04, 2023 20:30:10.675 [6168:6344:0104/203010.675:ERROR:device_event_log_impl.cc(215)] [20:30:10.676] Bluetooth: bluetooth_adapter_winrt.cc:1074 Getting Default Adapter failed.
1월 04, 2023 20:31:08.287 [6168:1472:0104/203108.287:ERROR:util.cc(133)] Can't create base directory: C:\Program Files\Google\GoogleUpdater
1월 04, 2023 20:31:21.448 [9364:7404:0104/203121.448:ERROR:device_event_log_impl.cc(215)] [20:31:21.448] Bluetooth: bluetooth_adapter_winrt.cc:1074 Getting Default Adapter failed.
1월 04, 2023 20:39:32.777 [12924:968:0104/203932.777:ERROR:device_event_log_impl.cc(215)] [20:39:32.777] Bluetooth: bluetooth_adapter_winrt.cc:1074 Getting Default Adapter failed.
1월 04, 2023 20:40:30.634 [12924:4864:0104/204030.634:ERROR:util.cc(133)] Can't create base directory: C:\Program Files\Google\GoogleUpdater
1월 04, 2023 20:47:49.795 [7884:7448:0104/204749.795:ERROR:device_event_log_impl.cc(215)] [20:47:49.795] Bluetooth: bluetooth_adapter_winrt.cc:1074 Getting Default Adapter failed.
1월 04, 2023 20:53:50.929 [5844:12636:0104/205350.929:ERROR:device_event_log_impl.cc(215)] [20:53:50.929] Bluetooth: bluetooth_adapter_winrt.cc:1074 Getting Default Adapter failed.
1월 04, 2023 20:54:48.744 [5844:12696:0104/205448.744:ERROR:util.cc(133)] Can't create base directory: C:\Program Files\Google\GoogleUpdater
1월 04, 2023 20:57:29.184 [10820:6632:0104/205729.184:ERROR:device_event_log_impl.cc(215)] [20:57:29.183] Bluetooth: bluetooth_adapter_winrt.cc:1074 Getting Default Adapter failed.
1월 04, 2023 21:02:04.77 [8256:7664:0104/210204.077:ERROR:device_event_log_impl.cc(215)] [21:02:04.077] Bluetooth: bluetooth_adapter_winrt.cc:1074 Getting Default Adapter failed.
1월 04, 2023 21:02:09.85 [8256:7664:0104/210209.084:ERROR:device_event_log_impl.cc(215)] [21:02:09.084] USB: usb_device_handle_win.cc:1045 Failed to read descriptor from node connection: 스레드 종료 또는 응용 프로그램 요청 때문에 I/O 작업이 취소되었습니다. (0x3E3)
1월 04, 2023 21:03:01.905 [8256:2452:0104/210301.905:ERROR:util.cc(133)] Can't create base directory: C:\Program Files\Google\GoogleUpdater
1월 04, 2023 21:08:53.172 [10996:1648:0104/210853.171:ERROR:device_event_log_impl.cc(215)] [21:08:53.171] Bluetooth: bluetooth_adapter_winrt.cc:1074 Getting Default Adapter failed.
1월 04, 2023 21:12:29.909 [11024:7244:0104/211229.909:ERROR:device_event_log_impl.cc(215)] [21:12:29.910] Bluetooth: bluetooth_adapter_winrt.cc:1074 Getting Default Adapter failed.
1월 04, 2023 21:13:22.934 [3444:2188:0104/211322.934:ERROR:device_event_log_impl.cc(215)] [21:13:22.934] Bluetooth: bluetooth_adapter_winrt.cc:1074 Getting Default Adapter failed.
1월 04, 2023 21:14:30.503 [2336:5480:0104/211430.502:ERROR:device_event_log_impl.cc(215)] [21:14:30.503] Bluetooth: bluetooth_adapter_winrt.cc:1074 Getting Default Adapter failed.
1월 04, 2023 21:15:28.395 [2336:12876:0104/211528.395:ERROR:util.cc(133)] Can't create base directory: C:\Program Files\Google\GoogleUpdater
1월 04, 2023 21:15:57.578 [11836:6376:0104/211557.578:ERROR:device_event_log_impl.cc(215)] [21:15:57.578] Bluetooth: bluetooth_adapter_winrt.cc:1074 Getting Default Adapter failed.
1월 04, 2023 21:16:31.459 [9036:10216:0104/211631.458:ERROR:device_event_log_impl.cc(215)] [21:16:31.458] Bluetooth: bluetooth_adapter_winrt.cc:1074 Getting Default Adapter failed.
1월 04, 2023 21:17:04.775 [5948:5092:0104/211704.775:ERROR:device_event_log_impl.cc(215)] [21:17:04.774] Bluetooth: bluetooth_adapter_winrt.cc:1074 Getting Default Adapter failed.
1월 04, 2023 21:18:02.634 [5948:2284:0104/211802.633:ERROR:util.cc(133)] Can't create base directory: C:\Program Files\Google\GoogleUpdater

1월 10, 2023 21:11:16.396 NEW SESSION
1월 10, 2023 21:11:16.396 [5156:15304:0110/211116.393:ERROR:device_event_log_impl.cc(215)] [21:11:16.393] Bluetooth: bluetooth_adapter_winrt.cc:1074 Getting Default Adapter failed.
1월 10, 2023 21:11:41.14 [12736:4232:0110/211141.014:ERROR:device_event_log_impl.cc(215)] [21:11:41.014] Bluetooth: bluetooth_adapter_winrt.cc:1074 Getting Default Adapter failed.
1월 10, 2023 21:11:56.135 [10656:7456:0110/211156.134:ERROR:device_event_log_impl.cc(215)] [21:11:56.134] Bluetooth: bluetooth_adapter_winrt.cc:1074 Getting Default Adapter failed.
1월 10, 2023 21:12:23.636 [6428:11476:0110/211223.636:ERROR:device_event_log_impl.cc(215)] [21:12:23.636] Bluetooth: bluetooth_adapter_winrt.cc:1074 Getting Default Adapter failed.
1월 10, 2023 21:13:10.637 [1008:15068:0110/211310.637:ERROR:device_event_log_impl.cc(215)] [21:13:10.637] Bluetooth: bluetooth_adapter_winrt.cc:1074 Getting Default Adapter failed.
1월 10, 2023 21:14:08.437 [1008:10608:0110/211408.436:ERROR:util.cc(133)] Can't create base directory: C:\Program Files\Google\GoogleUpdater

1월 12, 2023 22:13:40.240 NEW SESSION
1월 12, 2023 22:13:40.241 [12424:12648:0112/221340.238:ERROR:device_event_log_impl.cc(215)] [22:13:40.238] Bluetooth: bluetooth_adapter_winrt.cc:1074 Getting Default Adapter failed.
1월 12, 2023 22:14:38.84 [12424:10752:0112/221438.083:ERROR:util.cc(133)] Can't create base directory: C:\Program Files\Google\GoogleUpdater
1월 12, 2023 22:14:59.213 [4144:14676:0112/221459.212:ERROR:device_event_log_impl.cc(215)] [22:14:59.212] Bluetooth: bluetooth_adapter_winrt.cc:1074 Getting Default Adapter failed.
1월 12, 2023 22:18:41.712 [15352:9624:0112/221841.712:ERROR:device_event_log_impl.cc(215)] [22:18:41.711] Bluetooth: bluetooth_adapter_winrt.cc:1074 Getting Default Adapter failed.
1월 12, 2023 22:22:03.593 [10444:8756:0112/222203.593:ERROR:device_event_log_impl.cc(215)] [22:22:03.592] Bluetooth: bluetooth_adapter_winrt.cc:1074 Getting Default Adapter failed.
1월 12, 2023 22:23:01.448 [10444:240:0112/222301.448:ERROR:util.cc(133)] Can't create base directory: C:\Program Files\Google\GoogleUpdater
1월 12, 2023 22:27:30.269 [8656:6396:0112/222730.269:ERROR:device_event_log_impl.cc(215)] [22:27:30.268] Bluetooth: bluetooth_adapter_winrt.cc:1074 Getting Default Adapter failed.
1월 12, 2023 22:28:58.348 [352:1124:0112/222858.348:ERROR:device_event_log_impl.cc(215)] [22:28:58.347] Bluetooth: bluetooth_adapter_winrt.cc:1074 Getting Default Adapter failed.
1월 12, 2023 22:29:33.187 [6408:14096:0112/222933.187:ERROR:device_event_log_impl.cc(215)] [22:29:33.187] Bluetooth: bluetooth_adapter_winrt.cc:1074 Getting Default Adapter failed.

1월 13, 2023 20:13:26.48 NEW SESSION
1월 13, 2023 20:13:26.48 [3204:1044:0113/201326.045:ERROR:device_event_log_impl.cc(215)] [20:13:26.045] Bluetooth: bluetooth_adapter_winrt.cc:1074 Getting Default Adapter failed.
1월 13, 2023 20:14:23.942 [3204:5944:0113/201423.942:ERROR:util.cc(133)] Can't create base directory: C:\Program Files\Google\GoogleUpdater
1월 13, 2023 20:23:23.11 [3204:1044:0113/202323.011:ERROR:interface_endpoint_client.cc(694)] Message 5 rejected by interface blink.mojom.WidgetHost
1월 13, 2023 20:43:28.442 [6468:6636:0113/204328.442:ERROR:device_event_log_impl.cc(215)] [20:43:28.441] Bluetooth: bluetooth_adapter_winrt.cc:1074 Getting Default Adapter failed.
1월 13, 2023 20:44:26.226 [6468:8080:0113/204426.225:ERROR:util.cc(133)] Can't create base directory: C:\Program Files\Google\GoogleUpdater
1월 13, 2023 21:20:47.866 [7408:240:0113/212047.865:ERROR:device_event_log_impl.cc(215)] [21:20:47.865] Bluetooth: bluetooth_adapter_winrt.cc:1074 Getting Default Adapter failed.
1월 13, 2023 21:21:43.169 [7408:5632:0113/212143.169:ERROR:util.cc(133)] Can't create base directory: C:\Program Files\Google\GoogleUpdater

1월 16, 2023 20:10:42.134 NEW SESSION
1월 16, 2023 20:10:42.134 [4248:10392:0116/201042.131:ERROR:device_event_log_impl.cc(215)] [20:10:42.131] Bluetooth: bluetooth_adapter_winrt.cc:1074 Getting Default Adapter failed.

1월 16, 2023 20:44:07.412 NEW SESSION
1월 16, 2023 20:44:07.412 [8608:9032:0116/204407.407:ERROR:device_event_log_impl.cc(215)] [20:44:07.407] Bluetooth: bluetooth_adapter_winrt.cc:1074 Getting Default Adapter failed.
1월 16, 2023 20:48:56.759 [1116:6704:0116/204856.758:ERROR:device_event_log_impl.cc(215)] [20:48:56.758] Bluetooth: bluetooth_adapter_winrt.cc:1074 Getting Default Adapter failed.
1월 16, 2023 20:50:14.684 [10832:720:0116/205014.684:ERROR:device_event_log_impl.cc(215)] [20:50:14.684] Bluetooth: bluetooth_adapter_winrt.cc:1074 Getting Default Adapter failed.
1월 16, 2023 20:51:36.405 [8956:11480:0116/205136.405:ERROR:device_event_log_impl.cc(215)] [20:51:36.405] Bluetooth: bluetooth_adapter_winrt.cc:1074 Getting Default Adapter failed.
1월 16, 2023 20:52:00.849 [5192:9936:0116/205200.849:ERROR:device_event_log_impl.cc(215)] [20:52:00.849] Bluetooth: bluetooth_adapter_winrt.cc:1074 Getting Default Adapter failed.
1월 16, 2023 20:52:44.238 [11956:2456:0116/205244.237:ERROR:device_event_log_impl.cc(215)] [20:52:44.237] Bluetooth: bluetooth_adapter_winrt.cc:1074 Getting Default Adapter failed.
1월 16, 2023 20:53:42.146 [11956:8832:0116/205342.145:ERROR:util.cc(133)] Can't create base directory: C:\Program Files\Google\GoogleUpdater
1월 16, 2023 20:56:13.330 [3188:10684:0116/205613.329:ERROR:device_event_log_impl.cc(215)] [20:56:13.329] Bluetooth: bluetooth_adapter_winrt.cc:1074 Getting Default Adapter failed.
1월 16, 2023 20:59:17.489 [884:11316:0116/205917.489:ERROR:device_event_log_impl.cc(215)] [20:59:17.488] Bluetooth: bluetooth_adapter_winrt.cc:1074 Getting Default Adapter failed.
1월 16, 2023 21:01:11.755 [1776:10552:0116/210111.754:ERROR:device_event_log_impl.cc(215)] [21:01:11.754] Bluetooth: bluetooth_adapter_winrt.cc:1074 Getting Default Adapter failed.
1월 16, 2023 21:10:58.540 [2912:464:0116/211058.540:ERROR:device_event_log_impl.cc(215)] [21:10:58.539] Bluetooth: bluetooth_adapter_winrt.cc:1074 Getting Default Adapter failed.
1월 16, 2023 21:11:56.498 [2912:4664:0116/211156.497:ERROR:util.cc(133)] Can't create base directory: C:\Program Files\Google\GoogleUpdater
1월 16, 2023 21:23:55.608 [9132:10696:0116/212355.608:ERROR:device_event_log_impl.cc(215)] [21:23:55.608] Bluetooth: bluetooth_adapter_winrt.cc:1074 Getting Default Adapter failed.
1월 16, 2023 21:24:53.417 [9132:8168:0116/212453.417:ERROR:util.cc(133)] Can't create base directory: C:\Program Files\Google\GoogleUpdater

1월 31, 2023 20:40:43.862 NEW SESSION
1월 31, 2023 20:40:43.862 [12144:2116:0131/204043.860:ERROR:device_event_log_impl.cc(215)] [20:40:43.861] Bluetooth: bluetooth_adapter_winrt.cc:1074 Getting Default Adapter failed.
1월 31, 2023 20:41:41.698 [12144:7196:0131/204141.698:ERROR:util.cc(134)] Can't create base directory: C:\Program Files\Google\GoogleUpdater
1월 31, 2023 20:48:12.422 [6840:2628:0131/204812.422:ERROR:device_event_log_impl.cc(215)] [20:48:12.422] Bluetooth: bluetooth_adapter_winrt.cc:1074 Getting Default Adapter failed.
1월 31, 2023 20:48:17.429 [6840:2628:0131/204817.427:ERROR:device_event_log_impl.cc(215)] [20:48:17.427] USB: usb_device_handle_win.cc:1046 Failed to read descriptor from node connection: 스레드 종료 또는 응용 프로그램 요청 때문에 I/O 작업이 취소되었습니다. (0x3E3)
1월 31, 2023 20:53:10.426 [1040:7740:0131/205310.425:ERROR:device_event_log_impl.cc(215)] [20:53:10.424] Bluetooth: bluetooth_adapter_winrt.cc:1074 Getting Default Adapter failed.
1월 31, 2023 20:54:08.314 [1040:5520:0131/205408.312:ERROR:util.cc(134)] Can't create base directory: C:\Program Files\Google\GoogleUpdater

2월 02, 2023 20:37:49.508 NEW SESSION
2월 02, 2023 20:37:49.508 [8816:8288:0202/203749.506:ERROR:device_event_log_impl.cc(215)] [20:37:49.505] Bluetooth: bluetooth_adapter_winrt.cc:1074 Getting Default Adapter failed.
2월 02, 2023 20:38:23.500 [11952:8772:0202/203823.499:ERROR:device_event_log_impl.cc(215)] [20:38:23.499] Bluetooth: bluetooth_adapter_winrt.cc:1074 Getting Default Adapter failed.
2월 02, 2023 20:39:21.370 [11952:11736:0202/203921.369:ERROR:util.cc(134)] Can't create base directory: C:\Program Files\Google\GoogleUpdater
2월 02, 2023 20:39:46.639 [11668:12248:0202/203946.639:ERROR:device_event_log_impl.cc(215)] [20:39:46.639] Bluetooth: bluetooth_adapter_winrt.cc:1074 Getting Default Adapter failed.
2월 02, 2023 20:41:45.842 [11324:8528:0202/204145.842:ERROR:device_event_log_impl.cc(215)] [20:41:45.842] Bluetooth: bluetooth_adapter_winrt.cc:1074 Getting Default Adapter failed.
2월 02, 2023 20:42:43.617 [11324:8072:0202/204243.616:ERROR:util.cc(134)] Can't create base directory: C:\Program Files\Google\GoogleUpdater
2월 02, 2023 20:49:51.124 [856:5220:0202/204951.124:ERROR:device_event_log_impl.cc(215)] [20:49:51.124] Bluetooth: bluetooth_adapter_winrt.cc:1074 Getting Default Adapter failed.
2월 02, 2023 20:51:45.593 [10304:8936:0202/205145.593:ERROR:device_event_log_impl.cc(215)] [20:51:45.592] Bluetooth: bluetooth_adapter_winrt.cc:1074 Getting Default Adapter failed.
2월 02, 2023 20:52:36.43 [4620:6700:0202/205236.043:ERROR:device_event_log_impl.cc(215)] [20:52:36.042] Bluetooth: bluetooth_adapter_winrt.cc:1074 Getting Default Adapter failed.
2월 02, 2023 21:11:05.814 [11804:11700:0202/211105.814:ERROR:device_event_log_impl.cc(215)] [21:11:05.813] Bluetooth: bluetooth_adapter_winrt.cc:1074 Getting Default Adapter failed.
2월 02, 2023 21:12:02.617 [11804:11968:0202/211202.616:ERROR:util.cc(134)] Can't create base directory: C:\Program Files\Google\GoogleUpdater

2월 06, 2023 20:23:18.829 NEW SESSION
2월 06, 2023 20:23:18.829 [8212:4980:0206/202318.827:ERROR:device_event_log_impl.cc(215)] [20:23:18.827] Bluetooth: bluetooth_adapter_winrt.cc:1074 Getting Default Adapter failed.
2월 06, 2023 20:25:20.325 [10492:7208:0206/202520.325:ERROR:device_event_log_impl.cc(215)] [20:25:20.324] Bluetooth: bluetooth_adapter_winrt.cc:1074 Getting Default Adapter failed.
2월 06, 2023 20:26:18.174 [10492:6672:0206/202618.174:ERROR:util.cc(134)] Can't create base directory: C:\Program Files\Google\GoogleUpdater
2월 06, 2023 21:05:51.670 [10492:5732:0206/210551.669:ERROR:connection_factory_impl.cc(472)] ConnectionHandler failed with net error: -2

2월 07, 2023 19:51:31.280 NEW SESSION
2월 07, 2023 19:51:31.280 [7808:9548:0207/195131.277:ERROR:device_event_log_impl.cc(215)] [19:51:31.277] Bluetooth: bluetooth_adapter_winrt.cc:1074 Getting Default Adapter failed.
2월 07, 2023 19:52:29.138 [7808:5332:0207/195229.137:ERROR:util.cc(134)] Can't create base directory: C:\Program Files\Google\GoogleUpdater
2월 07, 2023 20:00:20.477 [11596:13180:0207/200020.477:ERROR:device_event_log_impl.cc(215)] [20:00:20.477] Bluetooth: bluetooth_adapter_winrt.cc:1074 Getting Default Adapter failed.
2월 07, 2023 20:01:18.253 [11596:5960:0207/200118.253:ERROR:util.cc(134)] Can't create base directory: C:\Program Files\Google\GoogleUpdater
2월 07, 2023 21:02:47.169 [8328:10312:0207/210247.168:ERROR:device_event_log_impl.cc(215)] [21:02:47.169] Bluetooth: bluetooth_adapter_winrt.cc:1074 Getting Default Adapter failed.
2월 07, 2023 21:03:44.968 [8328:4208:0207/210344.967:ERROR:util.cc(134)] Can't create base directory: C:\Program Files\Google\GoogleUpdater
2월 07, 2023 21:07:51.224 [8492:11124:0207/210751.224:ERROR:device_event_log_impl.cc(215)] [21:07:51.224] Bluetooth: bluetooth_adapter_winrt.cc:1074 Getting Default Adapter failed.
2월 07, 2023 21:08:48.982 [8492:11904:0207/210848.981:ERROR:util.cc(134)] Can't create base directory: C:\Program Files\Google\GoogleUpdater

2월 12, 2023 15:15:37.662 NEW SESSION
2월 12, 2023 15:15:37.662 [6420:8352:0212/151537.659:ERROR:device_event_log_impl.cc(215)] [15:15:37.658] Bluetooth: bluetooth_adapter_winrt.cc:1074 Getting Default Adapter failed.
2월 12, 2023 15:16:35.407 [6420:7260:0212/151635.407:ERROR:util.cc(134)] Can't create base directory: C:\Program Files\Google\GoogleUpdater
2월 12, 2023 15:36:29.188 [10268:1108:0212/153629.188:ERROR:device_event_log_impl.cc(215)] [15:36:29.187] Bluetooth: bluetooth_adapter_winrt.cc:1074 Getting Default Adapter failed.
2월 12, 2023 15:37:26.959 [10268:6936:0212/153726.958:ERROR:util.cc(134)] Can't create base directory: C:\Program Files\Google\GoogleUpdater
2월 12, 2023 15:46:02.698 [8364:9908:0212/154602.697:ERROR:device_event_log_impl.cc(215)] [15:46:02.697] Bluetooth: bluetooth_adapter_winrt.cc:1074 Getting Default Adapter failed.
2월 12, 2023 15:47:00.572 [8364:12084:0212/154700.572:ERROR:util.cc(134)] Can't create base directory: C:\Program Files\Google\GoogleUpdater

2월 13, 2023 20:14:44.272 NEW SESSION
2월 13, 2023 20:14:44.272 [6064:6120:0213/201444.269:ERROR:device_event_log_impl.cc(215)] [20:14:44.269] Bluetooth: bluetooth_adapter_winrt.cc:1074 Getting Default Adapter failed.
2월 13, 2023 20:15:42.101 [6064:11224:0213/201542.101:ERROR:util.cc(134)] Can't create base directory: C:\Program Files\Google\GoogleUpdater

3월 15, 2023 20:10:03.497 NEW SESSION
3월 15, 2023 20:10:03.497 INFO: Created TensorFlow Lite XNNPACK delegate for CPU.
3월 15, 2023 20:33:58.147 INFO: Created TensorFlow Lite XNNPACK delegate for CPU.
3월 15, 2023 20:43:13.481 INFO: Created TensorFlow Lite XNNPACK delegate for CPU.
3월 15, 2023 20:47:43.230 INFO: Created TensorFlow Lite XNNPACK delegate for CPU.
3월 15, 2023 21:07:14.194 INFO: Created TensorFlow Lite XNNPACK delegate for CPU.
3월 15, 2023 21:15:09.837 INFO: Created TensorFlow Lite XNNPACK delegate for CPU.
3월 15, 2023 21:26:52.782 INFO: Created TensorFlow Lite XNNPACK delegate for CPU.
